  2023_04_24_P010_Condicionales.cpp
C:\Users\Amk\Documents\MC\2023_Fundamentos_Programacion\2023_04_24_P010_Condicionales\2023_04_24_P010_Condicionales.cpp(11,2): error C2065: 'string': identificador no declarado
C:\Users\Amk\Documents\MC\2023_Fundamentos_Programacion\2023_04_24_P010_Condicionales\2023_04_24_P010_Condicionales.cpp(11,9): error C2146: error de sintaxis: falta ';' delante del identificador 'cd'
C:\Users\Amk\Documents\MC\2023_Fundamentos_Programacion\2023_04_24_P010_Condicionales\2023_04_24_P010_Condicionales.cpp(11,9): error C2065: 'cd': identificador no declarado
C:\Users\Amk\Documents\MC\2023_Fundamentos_Programacion\2023_04_24_P010_Condicionales\2023_04_24_P010_Condicionales.cpp(11,13): error C2065: 'estado': identificador no declarado
C:\Users\Amk\Documents\MC\2023_Fundamentos_Programacion\2023_04_24_P010_Condicionales\2023_04_24_P010_Condicionales.cpp(11,21): error C2065: 'pais': identificador no declarado
C:\Users\Amk\Documents\MC\2023_Fundamentos_Programacion\2023_04_24_P010_Condicionales\2023_04_24_P010_Condicionales.cpp(11,27): error C2065: 'name': identificador no declarado
C:\Users\Amk\Documents\MC\2023_Fundamentos_Programacion\2023_04_24_P010_Condicionales\2023_04_24_P010_Condicionales.cpp(11,33): error C2065: 'check': identificador no declarado
C:\Users\Amk\Documents\MC\2023_Fundamentos_Programacion\2023_04_24_P010_Condicionales\2023_04_24_P010_Condicionales.cpp(11,40): error C2065: 'genero': identificador no declarado
C:\Users\Amk\Documents\MC\2023_Fundamentos_Programacion\2023_04_24_P010_Condicionales\2023_04_24_P010_Condicionales.cpp(16,3): error C2065: 'cout': identificador no declarado
C:\Users\Amk\Documents\MC\2023_Fundamentos_Programacion\2023_04_24_P010_Condicionales\2023_04_24_P010_Condicionales.cpp(17,3): error C2065: 'cout': identificador no declarado
C:\Users\Amk\Documents\MC\2023_Fundamentos_Programacion\2023_04_24_P010_Condicionales\2023_04_24_P010_Condicionales.cpp(18,3): error C2065: 'cin': identificador no declarado
C:\Users\Amk\Documents\MC\2023_Fundamentos_Programacion\2023_04_24_P010_Condicionales\2023_04_24_P010_Condicionales.cpp(18,10): error C2065: 'check': identificador no declarado
C:\Users\Amk\Documents\MC\2023_Fundamentos_Programacion\2023_04_24_P010_Condicionales\2023_04_24_P010_Condicionales.cpp(20,7): error C2065: 'check': identificador no declarado
C:\Users\Amk\Documents\MC\2023_Fundamentos_Programacion\2023_04_24_P010_Condicionales\2023_04_24_P010_Condicionales.cpp(21,4): error C2065: 'cout': identificador no declarado
C:\Users\Amk\Documents\MC\2023_Fundamentos_Programacion\2023_04_24_P010_Condicionales\2023_04_24_P010_Condicionales.cpp(22,4): error C2065: 'cin': identificador no declarado
C:\Users\Amk\Documents\MC\2023_Fundamentos_Programacion\2023_04_24_P010_Condicionales\2023_04_24_P010_Condicionales.cpp(22,11): error C2065: 'name': identificador no declarado
C:\Users\Amk\Documents\MC\2023_Fundamentos_Programacion\2023_04_24_P010_Condicionales\2023_04_24_P010_Condicionales.cpp(23,8): error C2065: 'name': identificador no declarado
C:\Users\Amk\Documents\MC\2023_Fundamentos_Programacion\2023_04_24_P010_Condicionales\2023_04_24_P010_Condicionales.cpp(24,5): error C2065: 'cout': identificador no declarado
C:\Users\Amk\Documents\MC\2023_Fundamentos_Programacion\2023_04_24_P010_Condicionales\2023_04_24_P010_Condicionales.cpp(25,5): error C2065: 'cout': identificador no declarado
C:\Users\Amk\Documents\MC\2023_Fundamentos_Programacion\2023_04_24_P010_Condicionales\2023_04_24_P010_Condicionales.cpp(26,5): error C2065: 'cin': identificador no declarado
C:\Users\Amk\Documents\MC\2023_Fundamentos_Programacion\2023_04_24_P010_Condicionales\2023_04_24_P010_Condicionales.cpp(28,6): error C2065: 'cout': identificador no declarado
C:\Users\Amk\Documents\MC\2023_Fundamentos_Programacion\2023_04_24_P010_Condicionales\2023_04_24_P010_Condicionales.cpp(29,6): error C2065: 'cout': identificador no declarado
C:\Users\Amk\Documents\MC\2023_Fundamentos_Programacion\2023_04_24_P010_Condicionales\2023_04_24_P010_Condicionales.cpp(30,6): error C2065: 'cin': identificador no declarado
C:\Users\Amk\Documents\MC\2023_Fundamentos_Programacion\2023_04_24_P010_Condicionales\2023_04_24_P010_Condicionales.cpp(32,7): error C2065: 'cout': identificador no declarado
C:\Users\Amk\Documents\MC\2023_Fundamentos_Programacion\2023_04_24_P010_Condicionales\2023_04_24_P010_Condicionales.cpp(33,7): error C2065: 'cout': identificador no declarado
C:\Users\Amk\Documents\MC\2023_Fundamentos_Programacion\2023_04_24_P010_Condicionales\2023_04_24_P010_Condicionales.cpp(34,7): error C2065: 'cin': identificador no declarado
C:\Users\Amk\Documents\MC\2023_Fundamentos_Programacion\2023_04_24_P010_Condicionales\2023_04_24_P010_Condicionales.cpp(34,14): error C2065: 'genero': identificador no declarado
C:\Users\Amk\Documents\MC\2023_Fundamentos_Programacion\2023_04_24_P010_Condicionales\2023_04_24_P010_Condicionales.cpp(35,11): error C2065: 'genero': identificador no declarado
C:\Users\Amk\Documents\MC\2023_Fundamentos_Programacion\2023_04_24_P010_Condicionales\2023_04_24_P010_Condicionales.cpp(36,8): error C2065: 'cout': identificador no declarado
C:\Users\Amk\Documents\MC\2023_Fundamentos_Programacion\2023_04_24_P010_Condicionales\2023_04_24_P010_Condicionales.cpp(37,8): error C2065: 'cout': identificador no declarado
C:\Users\Amk\Documents\MC\2023_Fundamentos_Programacion\2023_04_24_P010_Condicionales\2023_04_24_P010_Condicionales.cpp(38,8): error C2065: 'cin': identificador no declarado
C:\Users\Amk\Documents\MC\2023_Fundamentos_Programacion\2023_04_24_P010_Condicionales\2023_04_24_P010_Condicionales.cpp(40,9): error C2065: 'cout': identificador no declarado
C:\Users\Amk\Documents\MC\2023_Fundamentos_Programacion\2023_04_24_P010_Condicionales\2023_04_24_P010_Condicionales.cpp(41,9): error C2065: 'cout': identificador no declarado
C:\Users\Amk\Documents\MC\2023_Fundamentos_Programacion\2023_04_24_P010_Condicionales\2023_04_24_P010_Condicionales.cpp(42,9): error C2065: 'cin': identificador no declarado
C:\Users\Amk\Documents\MC\2023_Fundamentos_Programacion\2023_04_24_P010_Condicionales\2023_04_24_P010_Condicionales.cpp(42,16): error C2065: 'pais': identificador no declarado
C:\Users\Amk\Documents\MC\2023_Fundamentos_Programacion\2023_04_24_P010_Condicionales\2023_04_24_P010_Condicionales.cpp(43,13): error C2065: 'pais': identificador no declarado
C:\Users\Amk\Documents\MC\2023_Fundamentos_Programacion\2023_04_24_P010_Condicionales\2023_04_24_P010_Condicionales.cpp(44,10): error C2065: 'cout': identificador no declarado
C:\Users\Amk\Documents\MC\2023_Fundamentos_Programacion\2023_04_24_P010_Condicionales\2023_04_24_P010_Condicionales.cpp(45,10): error C2065: 'cout': identificador no declarado
C:\Users\Amk\Documents\MC\2023_Fundamentos_Programacion\2023_04_24_P010_Condicionales\2023_04_24_P010_Condicionales.cpp(46,10): error C2065: 'cin': identificador no declarado
C:\Users\Amk\Documents\MC\2023_Fundamentos_Programacion\2023_04_24_P010_Condicionales\2023_04_24_P010_Condicionales.cpp(46,17): error C2065: 'estado': identificador no declarado
C:\Users\Amk\Documents\MC\2023_Fundamentos_Programacion\2023_04_24_P010_Condicionales\2023_04_24_P010_Condicionales.cpp(47,14): error C2065: 'estado': identificador no declarado
C:\Users\Amk\Documents\MC\2023_Fundamentos_Programacion\2023_04_24_P010_Condicionales\2023_04_24_P010_Condicionales.cpp(48,11): error C2065: 'cout': identificador no declarado
C:\Users\Amk\Documents\MC\2023_Fundamentos_Programacion\2023_04_24_P010_Condicionales\2023_04_24_P010_Condicionales.cpp(49,11): error C2065: 'cout': identificador no declarado
C:\Users\Amk\Documents\MC\2023_Fundamentos_Programacion\2023_04_24_P010_Condicionales\2023_04_24_P010_Condicionales.cpp(50,11): error C2065: 'cin': identificador no declarado
C:\Users\Amk\Documents\MC\2023_Fundamentos_Programacion\2023_04_24_P010_Condicionales\2023_04_24_P010_Condicionales.cpp(50,18): error C2065: 'cd': identificador no declarado
C:\Users\Amk\Documents\MC\2023_Fundamentos_Programacion\2023_04_24_P010_Condicionales\2023_04_24_P010_Condicionales.cpp(51,15): error C2065: 'cd': identificador no declarado
C:\Users\Amk\Documents\MC\2023_Fundamentos_Programacion\2023_04_24_P010_Condicionales\2023_04_24_P010_Condicionales.cpp(52,12): error C2065: 'cout': identificador no declarado
C:\Users\Amk\Documents\MC\2023_Fundamentos_Programacion\2023_04_24_P010_Condicionales\2023_04_24_P010_Condicionales.cpp(53,12): error C2065: 'cout': identificador no declarado
C:\Users\Amk\Documents\MC\2023_Fundamentos_Programacion\2023_04_24_P010_Condicionales\2023_04_24_P010_Condicionales.cpp(64,10): error C2065: 'cout': identificador no declarado
C:\Users\Amk\Documents\MC\2023_Fundamentos_Programacion\2023_04_24_P010_Condicionales\2023_04_24_P010_Condicionales.cpp(69,9): error C2065: 'cout': identificador no declarado
C:\Users\Amk\Documents\MC\2023_Fundamentos_Programacion\2023_04_24_P010_Condicionales\2023_04_24_P010_Condicionales.cpp(75,8): error C2065: 'cout': identificador no declarado
C:\Users\Amk\Documents\MC\2023_Fundamentos_Programacion\2023_04_24_P010_Condicionales\2023_04_24_P010_Condicionales.cpp(81,7): error C2065: 'cout': identificador no declarado
C:\Users\Amk\Documents\MC\2023_Fundamentos_Programacion\2023_04_24_P010_Condicionales\2023_04_24_P010_Condicionales.cpp(86,6): error C2065: 'cout': identificador no declarado
C:\Users\Amk\Documents\MC\2023_Fundamentos_Programacion\2023_04_24_P010_Condicionales\2023_04_24_P010_Condicionales.cpp(91,5): error C2065: 'cout': identificador no declarado
C:\Users\Amk\Documents\MC\2023_Fundamentos_Programacion\2023_04_24_P010_Condicionales\2023_04_24_P010_Condicionales.cpp(96,8): error C2065: 'check': identificador no declarado
